{"__type":"$$EventMessageWorkflow","id":"b64d9927-b648-43ac-b534-bf283be080ba","ts":"2025-08-15T11:45:54.079+00:00","eventName":"n8n.workflow.started","message":"n8n.workflow.started","payload":{"executionId":"48007","workflowId":"jhc2feKrcXKmenTw","isManual":false,"workflowName":"01.03 1Bit RAG Clean"}}
{"__type":"$$EventMessageConfirm","confirm":"b64d9927-b648-43ac-b534-bf283be080ba","ts":"2025-08-15T11:45:54.080+00:00","source":{"id":"0","name":"eventBus"}}
{"__type":"$$EventMessageNode","id":"212a54b1-427d-4a27-8b0a-d0806966e974","ts":"2025-08-15T11:45:54.081+00:00","eventName":"n8n.node.started","message":"n8n.node.started","payload":{"workflowId":"jhc2feKrcXKmenTw","workflowName":"01.03 1Bit RAG Clean","executionId":"48007","nodeType":"n8n-nodes-base.scheduleTrigger","nodeName":"Schedule Trigger"}}
{"__type":"$$EventMessageConfirm","confirm":"212a54b1-427d-4a27-8b0a-d0806966e974","ts":"2025-08-15T11:45:54.081+00:00","source":{"id":"0","name":"eventBus"}}
{"__type":"$$EventMessageNode","id":"95f18a19-912c-4065-b9c6-564e11c97a63","ts":"2025-08-15T11:45:54.082+00:00","eventName":"n8n.node.finished","message":"n8n.node.finished","payload":{"workflowId":"jhc2feKrcXKmenTw","workflowName":"01.03 1Bit RAG Clean","executionId":"48007","nodeType":"n8n-nodes-base.scheduleTrigger","nodeName":"Schedule Trigger"}}
{"__type":"$$EventMessageConfirm","confirm":"95f18a19-912c-4065-b9c6-564e11c97a63","ts":"2025-08-15T11:45:54.082+00:00","source":{"id":"0","name":"eventBus"}}
{"__type":"$$EventMessageNode","id":"0d964d92-a10c-4ef9-ab29-4de75562c58e","ts":"2025-08-15T11:45:54.082+00:00","eventName":"n8n.node.started","message":"n8n.node.started","payload":{"workflowId":"jhc2feKrcXKmenTw","workflowName":"01.03 1Bit RAG Clean","executionId":"48007","nodeType":"n8n-nodes-base.googleDrive","nodeName":"Google Drive"}}
{"__type":"$$EventMessageConfirm","confirm":"0d964d92-a10c-4ef9-ab29-4de75562c58e","ts":"2025-08-15T11:45:54.082+00:00","source":{"id":"0","name":"eventBus"}}
{"__type":"$$EventMessageNode","id":"6cab9b41-22b8-4a10-8ee4-613799c6174f","ts":"2025-08-15T11:45:54.629+00:00","eventName":"n8n.node.finished","message":"n8n.node.finished","payload":{"workflowId":"jhc2feKrcXKmenTw","workflowName":"01.03 1Bit RAG Clean","executionId":"48007","nodeType":"n8n-nodes-base.googleDrive","nodeName":"Google Drive"}}
{"__type":"$$EventMessageConfirm","confirm":"6cab9b41-22b8-4a10-8ee4-613799c6174f","ts":"2025-08-15T11:45:54.629+00:00","source":{"id":"0","name":"eventBus"}}
{"__type":"$$EventMessageWorkflow","id":"27f73a8d-37e7-4c8d-baf5-e97b98133cf2","ts":"2025-08-15T11:45:54.633+00:00","eventName":"n8n.workflow.failed","message":"n8n.workflow.failed","payload":{"executionId":"48007","success":false,"isManual":false,"workflowId":"jhc2feKrcXKmenTw","workflowName":"01.03 1Bit RAG Clean","lastNodeExecuted":"Google Drive","errorNodeType":"n8n-nodes-base.googleDrive","errorMessage":"The provided authorization grant (e.g., authorization code, resource owner credentials) or refresh token is invalid, expired, revoked, does not match the redirection URI used in the authorization request, or was issued to another client."}}
{"__type":"$$EventMessageConfirm","confirm":"27f73a8d-37e7-4c8d-baf5-e97b98133cf2","ts":"2025-08-15T11:45:54.633+00:00","source":{"id":"0","name":"eventBus"}}
{"__type":"$$EventMessageWorkflow","id":"10b3da22-ce66-4957-bb81-4ab5a7eee739","ts":"2025-08-15T11:50:54.068+00:00","eventName":"n8n.workflow.started","message":"n8n.workflow.started","payload":{"executionId":"48008","workflowId":"jhc2feKrcXKmenTw","isManual":false,"workflowName":"01.03 1Bit RAG Clean"}}
{"__type":"$$EventMessageConfirm","confirm":"10b3da22-ce66-4957-bb81-4ab5a7eee739","ts":"2025-08-15T11:50:54.069+00:00","source":{"id":"0","name":"eventBus"}}
{"__type":"$$EventMessageNode","id":"d7072d13-5078-4704-8617-5e933ae24fdd","ts":"2025-08-15T11:50:54.069+00:00","eventName":"n8n.node.started","message":"n8n.node.started","payload":{"workflowId":"jhc2feKrcXKmenTw","workflowName":"01.03 1Bit RAG Clean","executionId":"48008","nodeType":"n8n-nodes-base.scheduleTrigger","nodeName":"Schedule Trigger"}}
{"__type":"$$EventMessageConfirm","confirm":"d7072d13-5078-4704-8617-5e933ae24fdd","ts":"2025-08-15T11:50:54.069+00:00","source":{"id":"0","name":"eventBus"}}
{"__type":"$$EventMessageNode","id":"55cb4697-2cc1-4236-b37f-60749d55e143","ts":"2025-08-15T11:50:54.069+00:00","eventName":"n8n.node.finished","message":"n8n.node.finished","payload":{"workflowId":"jhc2feKrcXKmenTw","workflowName":"01.03 1Bit RAG Clean","executionId":"48008","nodeType":"n8n-nodes-base.scheduleTrigger","nodeName":"Schedule Trigger"}}
{"__type":"$$EventMessageConfirm","confirm":"55cb4697-2cc1-4236-b37f-60749d55e143","ts":"2025-08-15T11:50:54.069+00:00","source":{"id":"0","name":"eventBus"}}
{"__type":"$$EventMessageNode","id":"bd6380d2-ea28-4139-85f1-eb5299141a39","ts":"2025-08-15T11:50:54.069+00:00","eventName":"n8n.node.started","message":"n8n.node.started","payload":{"workflowId":"jhc2feKrcXKmenTw","workflowName":"01.03 1Bit RAG Clean","executionId":"48008","nodeType":"n8n-nodes-base.googleDrive","nodeName":"Google Drive"}}
{"__type":"$$EventMessageConfirm","confirm":"bd6380d2-ea28-4139-85f1-eb5299141a39","ts":"2025-08-15T11:50:54.069+00:00","source":{"id":"0","name":"eventBus"}}
{"__type":"$$EventMessageNode","id":"ad1defd0-f81b-435e-94b4-ca0e16d2aaa2","ts":"2025-08-15T11:50:54.625+00:00","eventName":"n8n.node.finished","message":"n8n.node.finished","payload":{"workflowId":"jhc2feKrcXKmenTw","workflowName":"01.03 1Bit RAG Clean","executionId":"48008","nodeType":"n8n-nodes-base.googleDrive","nodeName":"Google Drive"}}
{"__type":"$$EventMessageConfirm","confirm":"ad1defd0-f81b-435e-94b4-ca0e16d2aaa2","ts":"2025-08-15T11:50:54.626+00:00","source":{"id":"0","name":"eventBus"}}
{"__type":"$$EventMessageWorkflow","id":"dccc6cfe-bce8-4851-8991-07df6bcc270c","ts":"2025-08-15T11:50:54.626+00:00","eventName":"n8n.workflow.failed","message":"n8n.workflow.failed","payload":{"executionId":"48008","success":false,"isManual":false,"workflowId":"jhc2feKrcXKmenTw","workflowName":"01.03 1Bit RAG Clean","lastNodeExecuted":"Google Drive","errorNodeType":"n8n-nodes-base.googleDrive","errorMessage":"The provided authorization grant (e.g., authorization code, resource owner credentials) or refresh token is invalid, expired, revoked, does not match the redirection URI used in the authorization request, or was issued to another client."}}
{"__type":"$$EventMessageConfirm","confirm":"dccc6cfe-bce8-4851-8991-07df6bcc270c","ts":"2025-08-15T11:50:54.626+00:00","source":{"id":"0","name":"eventBus"}}
{"__type":"$$EventMessageWorkflow","id":"d4f74202-e556-4e74-914d-f8038a82519f","ts":"2025-08-15T11:55:54.036+00:00","eventName":"n8n.workflow.started","message":"n8n.workflow.started","payload":{"executionId":"48009","workflowId":"jhc2feKrcXKmenTw","isManual":false,"workflowName":"01.03 1Bit RAG Clean"}}
{"__type":"$$EventMessageConfirm","confirm":"d4f74202-e556-4e74-914d-f8038a82519f","ts":"2025-08-15T11:55:54.036+00:00","source":{"id":"0","name":"eventBus"}}
{"__type":"$$EventMessageNode","id":"da996b69-7062-46f5-9895-5bc2cc2b6cbf","ts":"2025-08-15T11:55:54.036+00:00","eventName":"n8n.node.started","message":"n8n.node.started","payload":{"workflowId":"jhc2feKrcXKmenTw","workflowName":"01.03 1Bit RAG Clean","executionId":"48009","nodeType":"n8n-nodes-base.scheduleTrigger","nodeName":"Schedule Trigger"}}
{"__type":"$$EventMessageConfirm","confirm":"da996b69-7062-46f5-9895-5bc2cc2b6cbf","ts":"2025-08-15T11:55:54.036+00:00","source":{"id":"0","name":"eventBus"}}
{"__type":"$$EventMessageNode","id":"991b2411-5dad-47ab-b3a2-22ff135c8e67","ts":"2025-08-15T11:55:54.036+00:00","eventName":"n8n.node.finished","message":"n8n.node.finished","payload":{"workflowId":"jhc2feKrcXKmenTw","workflowName":"01.03 1Bit RAG Clean","executionId":"48009","nodeType":"n8n-nodes-base.scheduleTrigger","nodeName":"Schedule Trigger"}}
{"__type":"$$EventMessageConfirm","confirm":"991b2411-5dad-47ab-b3a2-22ff135c8e67","ts":"2025-08-15T11:55:54.036+00:00","source":{"id":"0","name":"eventBus"}}
{"__type":"$$EventMessageNode","id":"d7bfe9a6-6f90-4c4d-ba92-f8e2c520254a","ts":"2025-08-15T11:55:54.036+00:00","eventName":"n8n.node.started","message":"n8n.node.started","payload":{"workflowId":"jhc2feKrcXKmenTw","workflowName":"01.03 1Bit RAG Clean","executionId":"48009","nodeType":"n8n-nodes-base.googleDrive","nodeName":"Google Drive"}}
{"__type":"$$EventMessageConfirm","confirm":"d7bfe9a6-6f90-4c4d-ba92-f8e2c520254a","ts":"2025-08-15T11:55:54.036+00:00","source":{"id":"0","name":"eventBus"}}
{"__type":"$$EventMessageNode","id":"b30bb114-5c29-4588-a206-90c43598f189","ts":"2025-08-15T11:55:54.573+00:00","eventName":"n8n.node.finished","message":"n8n.node.finished","payload":{"workflowId":"jhc2feKrcXKmenTw","workflowName":"01.03 1Bit RAG Clean","executionId":"48009","nodeType":"n8n-nodes-base.googleDrive","nodeName":"Google Drive"}}
{"__type":"$$EventMessageConfirm","confirm":"b30bb114-5c29-4588-a206-90c43598f189","ts":"2025-08-15T11:55:54.574+00:00","source":{"id":"0","name":"eventBus"}}
{"__type":"$$EventMessageWorkflow","id":"fb560581-3f4c-4fc1-9afd-65814cab2520","ts":"2025-08-15T11:55:54.574+00:00","eventName":"n8n.workflow.failed","message":"n8n.workflow.failed","payload":{"executionId":"48009","success":false,"isManual":false,"workflowId":"jhc2feKrcXKmenTw","workflowName":"01.03 1Bit RAG Clean","lastNodeExecuted":"Google Drive","errorNodeType":"n8n-nodes-base.googleDrive","errorMessage":"The provided authorization grant (e.g., authorization code, resource owner credentials) or refresh token is invalid, expired, revoked, does not match the redirection URI used in the authorization request, or was issued to another client."}}
{"__type":"$$EventMessageConfirm","confirm":"fb560581-3f4c-4fc1-9afd-65814cab2520","ts":"2025-08-15T11:55:54.574+00:00","source":{"id":"0","name":"eventBus"}}
{"__type":"$$EventMessageWorkflow","id":"31d99fdf-2436-422c-84a7-cf34c1a076c1","ts":"2025-08-15T12:00:54.055+00:00","eventName":"n8n.workflow.started","message":"n8n.workflow.started","payload":{"executionId":"48010","workflowId":"jhc2feKrcXKmenTw","isManual":false,"workflowName":"01.03 1Bit RAG Clean"}}
{"__type":"$$EventMessageConfirm","confirm":"31d99fdf-2436-422c-84a7-cf34c1a076c1","ts":"2025-08-15T12:00:54.055+00:00","source":{"id":"0","name":"eventBus"}}
{"__type":"$$EventMessageNode","id":"5e85d5b6-a8da-4526-ba72-65a83c3e055a","ts":"2025-08-15T12:00:54.056+00:00","eventName":"n8n.node.started","message":"n8n.node.started","payload":{"workflowId":"jhc2feKrcXKmenTw","workflowName":"01.03 1Bit RAG Clean","executionId":"48010","nodeType":"n8n-nodes-base.scheduleTrigger","nodeName":"Schedule Trigger"}}
{"__type":"$$EventMessageConfirm","confirm":"5e85d5b6-a8da-4526-ba72-65a83c3e055a","ts":"2025-08-15T12:00:54.056+00:00","source":{"id":"0","name":"eventBus"}}
{"__type":"$$EventMessageNode","id":"348edd55-762e-439b-b644-e1573f54cbf7","ts":"2025-08-15T12:00:54.056+00:00","eventName":"n8n.node.finished","message":"n8n.node.finished","payload":{"workflowId":"jhc2feKrcXKmenTw","workflowName":"01.03 1Bit RAG Clean","executionId":"48010","nodeType":"n8n-nodes-base.scheduleTrigger","nodeName":"Schedule Trigger"}}
{"__type":"$$EventMessageConfirm","confirm":"348edd55-762e-439b-b644-e1573f54cbf7","ts":"2025-08-15T12:00:54.056+00:00","source":{"id":"0","name":"eventBus"}}
{"__type":"$$EventMessageNode","id":"725b7e87-e5b5-4ef6-a71f-7d595f3dd5cc","ts":"2025-08-15T12:00:54.056+00:00","eventName":"n8n.node.started","message":"n8n.node.started","payload":{"workflowId":"jhc2feKrcXKmenTw","workflowName":"01.03 1Bit RAG Clean","executionId":"48010","nodeType":"n8n-nodes-base.googleDrive","nodeName":"Google Drive"}}
{"__type":"$$EventMessageConfirm","confirm":"725b7e87-e5b5-4ef6-a71f-7d595f3dd5cc","ts":"2025-08-15T12:00:54.056+00:00","source":{"id":"0","name":"eventBus"}}
{"__type":"$$EventMessageNode","id":"aa716cd4-75ab-433b-a6a2-ae8d0f868657","ts":"2025-08-15T12:00:54.592+00:00","eventName":"n8n.node.finished","message":"n8n.node.finished","payload":{"workflowId":"jhc2feKrcXKmenTw","workflowName":"01.03 1Bit RAG Clean","executionId":"48010","nodeType":"n8n-nodes-base.googleDrive","nodeName":"Google Drive"}}
{"__type":"$$EventMessageConfirm","confirm":"aa716cd4-75ab-433b-a6a2-ae8d0f868657","ts":"2025-08-15T12:00:54.592+00:00","source":{"id":"0","name":"eventBus"}}
{"__type":"$$EventMessageWorkflow","id":"d315cf1b-4c7b-4dd6-b30c-171ca2530d8a","ts":"2025-08-15T12:00:54.593+00:00","eventName":"n8n.workflow.failed","message":"n8n.workflow.failed","payload":{"executionId":"48010","success":false,"isManual":false,"workflowId":"jhc2feKrcXKmenTw","workflowName":"01.03 1Bit RAG Clean","lastNodeExecuted":"Google Drive","errorNodeType":"n8n-nodes-base.googleDrive","errorMessage":"The provided authorization grant (e.g., authorization code, resource owner credentials) or refresh token is invalid, expired, revoked, does not match the redirection URI used in the authorization request, or was issued to another client."}}
{"__type":"$$EventMessageConfirm","confirm":"d315cf1b-4c7b-4dd6-b30c-171ca2530d8a","ts":"2025-08-15T12:00:54.593+00:00","source":{"id":"0","name":"eventBus"}}
{"__type":"$$EventMessageWorkflow","id":"04495f1c-4d57-4fca-8b7d-0d05b6f38aaa","ts":"2025-08-15T12:05:54.057+00:00","eventName":"n8n.workflow.started","message":"n8n.workflow.started","payload":{"executionId":"48011","workflowId":"jhc2feKrcXKmenTw","isManual":false,"workflowName":"01.03 1Bit RAG Clean"}}
{"__type":"$$EventMessageConfirm","confirm":"04495f1c-4d57-4fca-8b7d-0d05b6f38aaa","ts":"2025-08-15T12:05:54.057+00:00","source":{"id":"0","name":"eventBus"}}
{"__type":"$$EventMessageNode","id":"46d9d8e5-1e2f-4e83-b1cc-ef1269f4d0a1","ts":"2025-08-15T12:05:54.057+00:00","eventName":"n8n.node.started","message":"n8n.node.started","payload":{"workflowId":"jhc2feKrcXKmenTw","workflowName":"01.03 1Bit RAG Clean","executionId":"48011","nodeType":"n8n-nodes-base.scheduleTrigger","nodeName":"Schedule Trigger"}}
{"__type":"$$EventMessageConfirm","confirm":"46d9d8e5-1e2f-4e83-b1cc-ef1269f4d0a1","ts":"2025-08-15T12:05:54.057+00:00","source":{"id":"0","name":"eventBus"}}
{"__type":"$$EventMessageNode","id":"c3c461aa-99ff-4f00-bc07-dbd3e0faa948","ts":"2025-08-15T12:05:54.058+00:00","eventName":"n8n.node.finished","message":"n8n.node.finished","payload":{"workflowId":"jhc2feKrcXKmenTw","workflowName":"01.03 1Bit RAG Clean","executionId":"48011","nodeType":"n8n-nodes-base.scheduleTrigger","nodeName":"Schedule Trigger"}}
{"__type":"$$EventMessageConfirm","confirm":"c3c461aa-99ff-4f00-bc07-dbd3e0faa948","ts":"2025-08-15T12:05:54.058+00:00","source":{"id":"0","name":"eventBus"}}
{"__type":"$$EventMessageNode","id":"d6b5c83a-2f15-4018-ad12-bbe5e51fad0f","ts":"2025-08-15T12:05:54.058+00:00","eventName":"n8n.node.started","message":"n8n.node.started","payload":{"workflowId":"jhc2feKrcXKmenTw","workflowName":"01.03 1Bit RAG Clean","executionId":"48011","nodeType":"n8n-nodes-base.googleDrive","nodeName":"Google Drive"}}
{"__type":"$$EventMessageConfirm","confirm":"d6b5c83a-2f15-4018-ad12-bbe5e51fad0f","ts":"2025-08-15T12:05:54.058+00:00","source":{"id":"0","name":"eventBus"}}
{"__type":"$$EventMessageNode","id":"a2467704-9176-45c0-9042-036b90d6dd09","ts":"2025-08-15T12:05:54.621+00:00","eventName":"n8n.node.finished","message":"n8n.node.finished","payload":{"workflowId":"jhc2feKrcXKmenTw","workflowName":"01.03 1Bit RAG Clean","executionId":"48011","nodeType":"n8n-nodes-base.googleDrive","nodeName":"Google Drive"}}
{"__type":"$$EventMessageConfirm","confirm":"a2467704-9176-45c0-9042-036b90d6dd09","ts":"2025-08-15T12:05:54.621+00:00","source":{"id":"0","name":"eventBus"}}
{"__type":"$$EventMessageWorkflow","id":"3a592bee-3d6b-4bbd-bae9-6e47d642331f","ts":"2025-08-15T12:05:54.621+00:00","eventName":"n8n.workflow.failed","message":"n8n.workflow.failed","payload":{"executionId":"48011","success":false,"isManual":false,"workflowId":"jhc2feKrcXKmenTw","workflowName":"01.03 1Bit RAG Clean","lastNodeExecuted":"Google Drive","errorNodeType":"n8n-nodes-base.googleDrive","errorMessage":"The provided authorization grant (e.g., authorization code, resource owner credentials) or refresh token is invalid, expired, revoked, does not match the redirection URI used in the authorization request, or was issued to another client."}}
{"__type":"$$EventMessageConfirm","confirm":"3a592bee-3d6b-4bbd-bae9-6e47d642331f","ts":"2025-08-15T12:05:54.621+00:00","source":{"id":"0","name":"eventBus"}}
{"__type":"$$EventMessageWorkflow","id":"56188440-af41-49d5-bb84-a13863be2359","ts":"2025-08-15T12:10:54.057+00:00","eventName":"n8n.workflow.started","message":"n8n.workflow.started","payload":{"executionId":"48012","workflowId":"jhc2feKrcXKmenTw","isManual":false,"workflowName":"01.03 1Bit RAG Clean"}}
{"__type":"$$EventMessageConfirm","confirm":"56188440-af41-49d5-bb84-a13863be2359","ts":"2025-08-15T12:10:54.057+00:00","source":{"id":"0","name":"eventBus"}}
{"__type":"$$EventMessageNode","id":"161d9abb-4373-4604-9d0e-0c899952e96f","ts":"2025-08-15T12:10:54.058+00:00","eventName":"n8n.node.started","message":"n8n.node.started","payload":{"workflowId":"jhc2feKrcXKmenTw","workflowName":"01.03 1Bit RAG Clean","executionId":"48012","nodeType":"n8n-nodes-base.scheduleTrigger","nodeName":"Schedule Trigger"}}
{"__type":"$$EventMessageConfirm","confirm":"161d9abb-4373-4604-9d0e-0c899952e96f","ts":"2025-08-15T12:10:54.058+00:00","source":{"id":"0","name":"eventBus"}}
{"__type":"$$EventMessageNode","id":"e72310cc-faf8-46d3-b427-babb4504467c","ts":"2025-08-15T12:10:54.058+00:00","eventName":"n8n.node.finished","message":"n8n.node.finished","payload":{"workflowId":"jhc2feKrcXKmenTw","workflowName":"01.03 1Bit RAG Clean","executionId":"48012","nodeType":"n8n-nodes-base.scheduleTrigger","nodeName":"Schedule Trigger"}}
{"__type":"$$EventMessageConfirm","confirm":"e72310cc-faf8-46d3-b427-babb4504467c","ts":"2025-08-15T12:10:54.058+00:00","source":{"id":"0","name":"eventBus"}}
{"__type":"$$EventMessageNode","id":"032521fb-5074-44a0-afd3-f468e918113d","ts":"2025-08-15T12:10:54.058+00:00","eventName":"n8n.node.started","message":"n8n.node.started","payload":{"workflowId":"jhc2feKrcXKmenTw","workflowName":"01.03 1Bit RAG Clean","executionId":"48012","nodeType":"n8n-nodes-base.googleDrive","nodeName":"Google Drive"}}
{"__type":"$$EventMessageConfirm","confirm":"032521fb-5074-44a0-afd3-f468e918113d","ts":"2025-08-15T12:10:54.058+00:00","source":{"id":"0","name":"eventBus"}}
{"__type":"$$EventMessageNode","id":"a4b5a453-110c-40ea-9a5c-57cecc4dfe8a","ts":"2025-08-15T12:10:54.608+00:00","eventName":"n8n.node.finished","message":"n8n.node.finished","payload":{"workflowId":"jhc2feKrcXKmenTw","workflowName":"01.03 1Bit RAG Clean","executionId":"48012","nodeType":"n8n-nodes-base.googleDrive","nodeName":"Google Drive"}}
{"__type":"$$EventMessageConfirm","confirm":"a4b5a453-110c-40ea-9a5c-57cecc4dfe8a","ts":"2025-08-15T12:10:54.609+00:00","source":{"id":"0","name":"eventBus"}}
{"__type":"$$EventMessageWorkflow","id":"659bd9a7-beb9-48ef-b90b-23e044f937d5","ts":"2025-08-15T12:10:54.609+00:00","eventName":"n8n.workflow.failed","message":"n8n.workflow.failed","payload":{"executionId":"48012","success":false,"isManual":false,"workflowId":"jhc2feKrcXKmenTw","workflowName":"01.03 1Bit RAG Clean","lastNodeExecuted":"Google Drive","errorNodeType":"n8n-nodes-base.googleDrive","errorMessage":"The provided authorization grant (e.g., authorization code, resource owner credentials) or refresh token is invalid, expired, revoked, does not match the redirection URI used in the authorization request, or was issued to another client."}}
{"__type":"$$EventMessageConfirm","confirm":"659bd9a7-beb9-48ef-b90b-23e044f937d5","ts":"2025-08-15T12:10:54.609+00:00","source":{"id":"0","name":"eventBus"}}
{"__type":"$$EventMessageWorkflow","id":"8344acf3-23c3-4d95-9140-686c709274a4","ts":"2025-08-15T12:15:54.034+00:00","eventName":"n8n.workflow.started","message":"n8n.workflow.started","payload":{"executionId":"48013","workflowId":"jhc2feKrcXKmenTw","isManual":false,"workflowName":"01.03 1Bit RAG Clean"}}
{"__type":"$$EventMessageConfirm","confirm":"8344acf3-23c3-4d95-9140-686c709274a4","ts":"2025-08-15T12:15:54.034+00:00","source":{"id":"0","name":"eventBus"}}
{"__type":"$$EventMessageNode","id":"839a59e4-d533-4c42-8bfc-d3f256ba3ea0","ts":"2025-08-15T12:15:54.034+00:00","eventName":"n8n.node.started","message":"n8n.node.started","payload":{"workflowId":"jhc2feKrcXKmenTw","workflowName":"01.03 1Bit RAG Clean","executionId":"48013","nodeType":"n8n-nodes-base.scheduleTrigger","nodeName":"Schedule Trigger"}}
{"__type":"$$EventMessageConfirm","confirm":"839a59e4-d533-4c42-8bfc-d3f256ba3ea0","ts":"2025-08-15T12:15:54.034+00:00","source":{"id":"0","name":"eventBus"}}
{"__type":"$$EventMessageNode","id":"c8a0a806-8474-4eea-a808-4ac345f47ce7","ts":"2025-08-15T12:15:54.034+00:00","eventName":"n8n.node.finished","message":"n8n.node.finished","payload":{"workflowId":"jhc2feKrcXKmenTw","workflowName":"01.03 1Bit RAG Clean","executionId":"48013","nodeType":"n8n-nodes-base.scheduleTrigger","nodeName":"Schedule Trigger"}}
{"__type":"$$EventMessageConfirm","confirm":"c8a0a806-8474-4eea-a808-4ac345f47ce7","ts":"2025-08-15T12:15:54.034+00:00","source":{"id":"0","name":"eventBus"}}
{"__type":"$$EventMessageNode","id":"1ac72538-3c59-46c9-b706-817b4c947282","ts":"2025-08-15T12:15:54.034+00:00","eventName":"n8n.node.started","message":"n8n.node.started","payload":{"workflowId":"jhc2feKrcXKmenTw","workflowName":"01.03 1Bit RAG Clean","executionId":"48013","nodeType":"n8n-nodes-base.googleDrive","nodeName":"Google Drive"}}
{"__type":"$$EventMessageConfirm","confirm":"1ac72538-3c59-46c9-b706-817b4c947282","ts":"2025-08-15T12:15:54.034+00:00","source":{"id":"0","name":"eventBus"}}
{"__type":"$$EventMessageNode","id":"04c55268-5f09-4620-8f01-48cd06436fa1","ts":"2025-08-15T12:15:54.401+00:00","eventName":"n8n.node.finished","message":"n8n.node.finished","payload":{"workflowId":"jhc2feKrcXKmenTw","workflowName":"01.03 1Bit RAG Clean","executionId":"48013","nodeType":"n8n-nodes-base.googleDrive","nodeName":"Google Drive"}}
{"__type":"$$EventMessageConfirm","confirm":"04c55268-5f09-4620-8f01-48cd06436fa1","ts":"2025-08-15T12:15:54.401+00:00","source":{"id":"0","name":"eventBus"}}
{"__type":"$$EventMessageWorkflow","id":"39760d85-fb47-4dca-8f88-c1c64b1e4888","ts":"2025-08-15T12:15:54.402+00:00","eventName":"n8n.workflow.failed","message":"n8n.workflow.failed","payload":{"executionId":"48013","success":false,"isManual":false,"workflowId":"jhc2feKrcXKmenTw","workflowName":"01.03 1Bit RAG Clean","lastNodeExecuted":"Google Drive","errorNodeType":"n8n-nodes-base.googleDrive","errorMessage":"The provided authorization grant (e.g., authorization code, resource owner credentials) or refresh token is invalid, expired, revoked, does not match the redirection URI used in the authorization request, or was issued to another client."}}
{"__type":"$$EventMessageConfirm","confirm":"39760d85-fb47-4dca-8f88-c1c64b1e4888","ts":"2025-08-15T12:15:54.402+00:00","source":{"id":"0","name":"eventBus"}}
{"__type":"$$EventMessageWorkflow","id":"fb84376e-d488-4a82-bb79-ff4845fddb00","ts":"2025-08-15T12:20:54.054+00:00","eventName":"n8n.workflow.started","message":"n8n.workflow.started","payload":{"executionId":"48014","workflowId":"jhc2feKrcXKmenTw","isManual":false,"workflowName":"01.03 1Bit RAG Clean"}}
{"__type":"$$EventMessageConfirm","confirm":"fb84376e-d488-4a82-bb79-ff4845fddb00","ts":"2025-08-15T12:20:54.055+00:00","source":{"id":"0","name":"eventBus"}}
{"__type":"$$EventMessageNode","id":"425e0275-e602-4b76-9ed8-eaf4ae9386aa","ts":"2025-08-15T12:20:54.055+00:00","eventName":"n8n.node.started","message":"n8n.node.started","payload":{"workflowId":"jhc2feKrcXKmenTw","workflowName":"01.03 1Bit RAG Clean","executionId":"48014","nodeType":"n8n-nodes-base.scheduleTrigger","nodeName":"Schedule Trigger"}}
{"__type":"$$EventMessageConfirm","confirm":"425e0275-e602-4b76-9ed8-eaf4ae9386aa","ts":"2025-08-15T12:20:54.055+00:00","source":{"id":"0","name":"eventBus"}}
{"__type":"$$EventMessageNode","id":"4e61066d-663a-4352-9284-bccc11d4dca0","ts":"2025-08-15T12:20:54.055+00:00","eventName":"n8n.node.finished","message":"n8n.node.finished","payload":{"workflowId":"jhc2feKrcXKmenTw","workflowName":"01.03 1Bit RAG Clean","executionId":"48014","nodeType":"n8n-nodes-base.scheduleTrigger","nodeName":"Schedule Trigger"}}
{"__type":"$$EventMessageConfirm","confirm":"4e61066d-663a-4352-9284-bccc11d4dca0","ts":"2025-08-15T12:20:54.055+00:00","source":{"id":"0","name":"eventBus"}}
{"__type":"$$EventMessageNode","id":"081d424f-7c4e-4c8e-b739-43c59cbce39c","ts":"2025-08-15T12:20:54.055+00:00","eventName":"n8n.node.started","message":"n8n.node.started","payload":{"workflowId":"jhc2feKrcXKmenTw","workflowName":"01.03 1Bit RAG Clean","executionId":"48014","nodeType":"n8n-nodes-base.googleDrive","nodeName":"Google Drive"}}
{"__type":"$$EventMessageConfirm","confirm":"081d424f-7c4e-4c8e-b739-43c59cbce39c","ts":"2025-08-15T12:20:54.055+00:00","source":{"id":"0","name":"eventBus"}}
{"__type":"$$EventMessageNode","id":"36b196f5-f973-4005-b8a6-1314bdd0c96e","ts":"2025-08-15T12:20:54.641+00:00","eventName":"n8n.node.finished","message":"n8n.node.finished","payload":{"workflowId":"jhc2feKrcXKmenTw","workflowName":"01.03 1Bit RAG Clean","executionId":"48014","nodeType":"n8n-nodes-base.googleDrive","nodeName":"Google Drive"}}
{"__type":"$$EventMessageConfirm","confirm":"36b196f5-f973-4005-b8a6-1314bdd0c96e","ts":"2025-08-15T12:20:54.641+00:00","source":{"id":"0","name":"eventBus"}}
{"__type":"$$EventMessageWorkflow","id":"151249d1-4f87-4199-a105-c21cdcf8aea4","ts":"2025-08-15T12:20:54.641+00:00","eventName":"n8n.workflow.failed","message":"n8n.workflow.failed","payload":{"executionId":"48014","success":false,"isManual":false,"workflowId":"jhc2feKrcXKmenTw","workflowName":"01.03 1Bit RAG Clean","lastNodeExecuted":"Google Drive","errorNodeType":"n8n-nodes-base.googleDrive","errorMessage":"The provided authorization grant (e.g., authorization code, resource owner credentials) or refresh token is invalid, expired, revoked, does not match the redirection URI used in the authorization request, or was issued to another client."}}
{"__type":"$$EventMessageConfirm","confirm":"151249d1-4f87-4199-a105-c21cdcf8aea4","ts":"2025-08-15T12:20:54.641+00:00","source":{"id":"0","name":"eventBus"}}
{"__type":"$$EventMessageWorkflow","id":"9a96c373-5b69-4ec3-a1c0-d32c9055c717","ts":"2025-08-15T12:25:54.058+00:00","eventName":"n8n.workflow.started","message":"n8n.workflow.started","payload":{"executionId":"48015","workflowId":"jhc2feKrcXKmenTw","isManual":false,"workflowName":"01.03 1Bit RAG Clean"}}
{"__type":"$$EventMessageConfirm","confirm":"9a96c373-5b69-4ec3-a1c0-d32c9055c717","ts":"2025-08-15T12:25:54.058+00:00","source":{"id":"0","name":"eventBus"}}
{"__type":"$$EventMessageNode","id":"0c6395ab-06c6-4be8-a740-326bc26e7e20","ts":"2025-08-15T12:25:54.058+00:00","eventName":"n8n.node.started","message":"n8n.node.started","payload":{"workflowId":"jhc2feKrcXKmenTw","workflowName":"01.03 1Bit RAG Clean","executionId":"48015","nodeType":"n8n-nodes-base.scheduleTrigger","nodeName":"Schedule Trigger"}}
{"__type":"$$EventMessageConfirm","confirm":"0c6395ab-06c6-4be8-a740-326bc26e7e20","ts":"2025-08-15T12:25:54.058+00:00","source":{"id":"0","name":"eventBus"}}
{"__type":"$$EventMessageNode","id":"c26727df-429a-4e44-9343-2af7cea3027c","ts":"2025-08-15T12:25:54.058+00:00","eventName":"n8n.node.finished","message":"n8n.node.finished","payload":{"workflowId":"jhc2feKrcXKmenTw","workflowName":"01.03 1Bit RAG Clean","executionId":"48015","nodeType":"n8n-nodes-base.scheduleTrigger","nodeName":"Schedule Trigger"}}
{"__type":"$$EventMessageConfirm","confirm":"c26727df-429a-4e44-9343-2af7cea3027c","ts":"2025-08-15T12:25:54.058+00:00","source":{"id":"0","name":"eventBus"}}
{"__type":"$$EventMessageNode","id":"78bb230a-6cf3-401a-b7e7-705b25316f9d","ts":"2025-08-15T12:25:54.058+00:00","eventName":"n8n.node.started","message":"n8n.node.started","payload":{"workflowId":"jhc2feKrcXKmenTw","workflowName":"01.03 1Bit RAG Clean","executionId":"48015","nodeType":"n8n-nodes-base.googleDrive","nodeName":"Google Drive"}}
{"__type":"$$EventMessageConfirm","confirm":"78bb230a-6cf3-401a-b7e7-705b25316f9d","ts":"2025-08-15T12:25:54.058+00:00","source":{"id":"0","name":"eventBus"}}
{"__type":"$$EventMessageNode","id":"199c928f-bfd3-4090-be97-2414818f11b4","ts":"2025-08-15T12:25:54.638+00:00","eventName":"n8n.node.finished","message":"n8n.node.finished","payload":{"workflowId":"jhc2feKrcXKmenTw","workflowName":"01.03 1Bit RAG Clean","executionId":"48015","nodeType":"n8n-nodes-base.googleDrive","nodeName":"Google Drive"}}
{"__type":"$$EventMessageConfirm","confirm":"199c928f-bfd3-4090-be97-2414818f11b4","ts":"2025-08-15T12:25:54.638+00:00","source":{"id":"0","name":"eventBus"}}
{"__type":"$$EventMessageWorkflow","id":"53cb116c-010d-4923-98b7-ebe5b588e6ca","ts":"2025-08-15T12:25:54.638+00:00","eventName":"n8n.workflow.failed","message":"n8n.workflow.failed","payload":{"executionId":"48015","success":false,"isManual":false,"workflowId":"jhc2feKrcXKmenTw","workflowName":"01.03 1Bit RAG Clean","lastNodeExecuted":"Google Drive","errorNodeType":"n8n-nodes-base.googleDrive","errorMessage":"The provided authorization grant (e.g., authorization code, resource owner credentials) or refresh token is invalid, expired, revoked, does not match the redirection URI used in the authorization request, or was issued to another client."}}
{"__type":"$$EventMessageConfirm","confirm":"53cb116c-010d-4923-98b7-ebe5b588e6ca","ts":"2025-08-15T12:25:54.638+00:00","source":{"id":"0","name":"eventBus"}}
{"__type":"$$EventMessageWorkflow","id":"070af582-08ec-492d-8027-35fb5b5b8ff0","ts":"2025-08-15T12:30:54.047+00:00","eventName":"n8n.workflow.started","message":"n8n.workflow.started","payload":{"executionId":"48016","workflowId":"jhc2feKrcXKmenTw","isManual":false,"workflowName":"01.03 1Bit RAG Clean"}}
{"__type":"$$EventMessageConfirm","confirm":"070af582-08ec-492d-8027-35fb5b5b8ff0","ts":"2025-08-15T12:30:54.047+00:00","source":{"id":"0","name":"eventBus"}}
{"__type":"$$EventMessageNode","id":"10ce8ec5-3215-4c6e-94c4-221b65408da8","ts":"2025-08-15T12:30:54.048+00:00","eventName":"n8n.node.started","message":"n8n.node.started","payload":{"workflowId":"jhc2feKrcXKmenTw","workflowName":"01.03 1Bit RAG Clean","executionId":"48016","nodeType":"n8n-nodes-base.scheduleTrigger","nodeName":"Schedule Trigger"}}
{"__type":"$$EventMessageConfirm","confirm":"10ce8ec5-3215-4c6e-94c4-221b65408da8","ts":"2025-08-15T12:30:54.048+00:00","source":{"id":"0","name":"eventBus"}}
{"__type":"$$EventMessageNode","id":"e87e9275-886b-460c-9f06-eb99eb7b51ec","ts":"2025-08-15T12:30:54.048+00:00","eventName":"n8n.node.finished","message":"n8n.node.finished","payload":{"workflowId":"jhc2feKrcXKmenTw","workflowName":"01.03 1Bit RAG Clean","executionId":"48016","nodeType":"n8n-nodes-base.scheduleTrigger","nodeName":"Schedule Trigger"}}
{"__type":"$$EventMessageConfirm","confirm":"e87e9275-886b-460c-9f06-eb99eb7b51ec","ts":"2025-08-15T12:30:54.048+00:00","source":{"id":"0","name":"eventBus"}}
{"__type":"$$EventMessageNode","id":"1e198620-b72d-4d45-adc3-3ba8990ee0bd","ts":"2025-08-15T12:30:54.048+00:00","eventName":"n8n.node.started","message":"n8n.node.started","payload":{"workflowId":"jhc2feKrcXKmenTw","workflowName":"01.03 1Bit RAG Clean","executionId":"48016","nodeType":"n8n-nodes-base.googleDrive","nodeName":"Google Drive"}}
{"__type":"$$EventMessageConfirm","confirm":"1e198620-b72d-4d45-adc3-3ba8990ee0bd","ts":"2025-08-15T12:30:54.048+00:00","source":{"id":"0","name":"eventBus"}}
{"__type":"$$EventMessageNode","id":"92c37a5a-3dfe-428d-b4eb-13242951e50d","ts":"2025-08-15T12:30:54.618+00:00","eventName":"n8n.node.finished","message":"n8n.node.finished","payload":{"workflowId":"jhc2feKrcXKmenTw","workflowName":"01.03 1Bit RAG Clean","executionId":"48016","nodeType":"n8n-nodes-base.googleDrive","nodeName":"Google Drive"}}
{"__type":"$$EventMessageConfirm","confirm":"92c37a5a-3dfe-428d-b4eb-13242951e50d","ts":"2025-08-15T12:30:54.618+00:00","source":{"id":"0","name":"eventBus"}}
{"__type":"$$EventMessageWorkflow","id":"f1664c1f-78af-4521-a4cc-67573efcc5cc","ts":"2025-08-15T12:30:54.618+00:00","eventName":"n8n.workflow.failed","message":"n8n.workflow.failed","payload":{"executionId":"48016","success":false,"isManual":false,"workflowId":"jhc2feKrcXKmenTw","workflowName":"01.03 1Bit RAG Clean","lastNodeExecuted":"Google Drive","errorNodeType":"n8n-nodes-base.googleDrive","errorMessage":"The provided authorization grant (e.g., authorization code, resource owner credentials) or refresh token is invalid, expired, revoked, does not match the redirection URI used in the authorization request, or was issued to another client."}}
{"__type":"$$EventMessageConfirm","confirm":"f1664c1f-78af-4521-a4cc-67573efcc5cc","ts":"2025-08-15T12:30:54.618+00:00","source":{"id":"0","name":"eventBus"}}
{"__type":"$$EventMessageWorkflow","id":"31cefc06-cb2f-4c00-ad06-c65315ea624e","ts":"2025-08-15T12:35:54.059+00:00","eventName":"n8n.workflow.started","message":"n8n.workflow.started","payload":{"executionId":"48017","workflowId":"jhc2feKrcXKmenTw","isManual":false,"workflowName":"01.03 1Bit RAG Clean"}}
{"__type":"$$EventMessageConfirm","confirm":"31cefc06-cb2f-4c00-ad06-c65315ea624e","ts":"2025-08-15T12:35:54.059+00:00","source":{"id":"0","name":"eventBus"}}
{"__type":"$$EventMessageNode","id":"a20f06ab-c25f-4fde-aa9c-e0aa24ae08a2","ts":"2025-08-15T12:35:54.059+00:00","eventName":"n8n.node.started","message":"n8n.node.started","payload":{"workflowId":"jhc2feKrcXKmenTw","workflowName":"01.03 1Bit RAG Clean","executionId":"48017","nodeType":"n8n-nodes-base.scheduleTrigger","nodeName":"Schedule Trigger"}}
{"__type":"$$EventMessageConfirm","confirm":"a20f06ab-c25f-4fde-aa9c-e0aa24ae08a2","ts":"2025-08-15T12:35:54.059+00:00","source":{"id":"0","name":"eventBus"}}
{"__type":"$$EventMessageNode","id":"6b0ef6f6-d4d2-4210-a8e5-0ee4fc485e73","ts":"2025-08-15T12:35:54.060+00:00","eventName":"n8n.node.finished","message":"n8n.node.finished","payload":{"workflowId":"jhc2feKrcXKmenTw","workflowName":"01.03 1Bit RAG Clean","executionId":"48017","nodeType":"n8n-nodes-base.scheduleTrigger","nodeName":"Schedule Trigger"}}
{"__type":"$$EventMessageConfirm","confirm":"6b0ef6f6-d4d2-4210-a8e5-0ee4fc485e73","ts":"2025-08-15T12:35:54.060+00:00","source":{"id":"0","name":"eventBus"}}
{"__type":"$$EventMessageNode","id":"33fb6442-4762-4f81-93c1-83dc19361ea4","ts":"2025-08-15T12:35:54.060+00:00","eventName":"n8n.node.started","message":"n8n.node.started","payload":{"workflowId":"jhc2feKrcXKmenTw","workflowName":"01.03 1Bit RAG Clean","executionId":"48017","nodeType":"n8n-nodes-base.googleDrive","nodeName":"Google Drive"}}
{"__type":"$$EventMessageConfirm","confirm":"33fb6442-4762-4f81-93c1-83dc19361ea4","ts":"2025-08-15T12:35:54.060+00:00","source":{"id":"0","name":"eventBus"}}
{"__type":"$$EventMessageNode","id":"819e3a56-5aa6-447e-94c9-de932d6ddc4a","ts":"2025-08-15T12:35:54.620+00:00","eventName":"n8n.node.finished","message":"n8n.node.finished","payload":{"workflowId":"jhc2feKrcXKmenTw","workflowName":"01.03 1Bit RAG Clean","executionId":"48017","nodeType":"n8n-nodes-base.googleDrive","nodeName":"Google Drive"}}
{"__type":"$$EventMessageConfirm","confirm":"819e3a56-5aa6-447e-94c9-de932d6ddc4a","ts":"2025-08-15T12:35:54.620+00:00","source":{"id":"0","name":"eventBus"}}
{"__type":"$$EventMessageWorkflow","id":"25f37a30-6d1b-4170-866c-c87813a9e206","ts":"2025-08-15T12:35:54.620+00:00","eventName":"n8n.workflow.failed","message":"n8n.workflow.failed","payload":{"executionId":"48017","success":false,"isManual":false,"workflowId":"jhc2feKrcXKmenTw","workflowName":"01.03 1Bit RAG Clean","lastNodeExecuted":"Google Drive","errorNodeType":"n8n-nodes-base.googleDrive","errorMessage":"The provided authorization grant (e.g., authorization code, resource owner credentials) or refresh token is invalid, expired, revoked, does not match the redirection URI used in the authorization request, or was issued to another client."}}
{"__type":"$$EventMessageConfirm","confirm":"25f37a30-6d1b-4170-866c-c87813a9e206","ts":"2025-08-15T12:35:54.620+00:00","source":{"id":"0","name":"eventBus"}}
{"__type":"$$EventMessageWorkflow","id":"c48452cf-7e80-41c5-8f00-6c4695a223dc","ts":"2025-08-15T12:40:54.044+00:00","eventName":"n8n.workflow.started","message":"n8n.workflow.started","payload":{"executionId":"48018","workflowId":"jhc2feKrcXKmenTw","isManual":false,"workflowName":"01.03 1Bit RAG Clean"}}
{"__type":"$$EventMessageConfirm","confirm":"c48452cf-7e80-41c5-8f00-6c4695a223dc","ts":"2025-08-15T12:40:54.044+00:00","source":{"id":"0","name":"eventBus"}}
{"__type":"$$EventMessageNode","id":"edfcee4e-32e2-40f4-82d5-77317a77204c","ts":"2025-08-15T12:40:54.044+00:00","eventName":"n8n.node.started","message":"n8n.node.started","payload":{"workflowId":"jhc2feKrcXKmenTw","workflowName":"01.03 1Bit RAG Clean","executionId":"48018","nodeType":"n8n-nodes-base.scheduleTrigger","nodeName":"Schedule Trigger"}}
{"__type":"$$EventMessageConfirm","confirm":"edfcee4e-32e2-40f4-82d5-77317a77204c","ts":"2025-08-15T12:40:54.044+00:00","source":{"id":"0","name":"eventBus"}}
{"__type":"$$EventMessageNode","id":"faa8d160-021d-4dab-ae20-879794595ffe","ts":"2025-08-15T12:40:54.045+00:00","eventName":"n8n.node.finished","message":"n8n.node.finished","payload":{"workflowId":"jhc2feKrcXKmenTw","workflowName":"01.03 1Bit RAG Clean","executionId":"48018","nodeType":"n8n-nodes-base.scheduleTrigger","nodeName":"Schedule Trigger"}}
{"__type":"$$EventMessageConfirm","confirm":"faa8d160-021d-4dab-ae20-879794595ffe","ts":"2025-08-15T12:40:54.045+00:00","source":{"id":"0","name":"eventBus"}}
{"__type":"$$EventMessageNode","id":"35079939-de3e-49d3-8179-94082197844a","ts":"2025-08-15T12:40:54.045+00:00","eventName":"n8n.node.started","message":"n8n.node.started","payload":{"workflowId":"jhc2feKrcXKmenTw","workflowName":"01.03 1Bit RAG Clean","executionId":"48018","nodeType":"n8n-nodes-base.googleDrive","nodeName":"Google Drive"}}
{"__type":"$$EventMessageConfirm","confirm":"35079939-de3e-49d3-8179-94082197844a","ts":"2025-08-15T12:40:54.045+00:00","source":{"id":"0","name":"eventBus"}}
{"__type":"$$EventMessageNode","id":"1d1a62c2-5d31-4efa-a22c-e2acaf653206","ts":"2025-08-15T12:40:54.594+00:00","eventName":"n8n.node.finished","message":"n8n.node.finished","payload":{"workflowId":"jhc2feKrcXKmenTw","workflowName":"01.03 1Bit RAG Clean","executionId":"48018","nodeType":"n8n-nodes-base.googleDrive","nodeName":"Google Drive"}}
{"__type":"$$EventMessageConfirm","confirm":"1d1a62c2-5d31-4efa-a22c-e2acaf653206","ts":"2025-08-15T12:40:54.594+00:00","source":{"id":"0","name":"eventBus"}}
{"__type":"$$EventMessageWorkflow","id":"11b94d0e-4ac3-43dd-8e57-8c9b869a4357","ts":"2025-08-15T12:40:54.594+00:00","eventName":"n8n.workflow.failed","message":"n8n.workflow.failed","payload":{"executionId":"48018","success":false,"isManual":false,"workflowId":"jhc2feKrcXKmenTw","workflowName":"01.03 1Bit RAG Clean","lastNodeExecuted":"Google Drive","errorNodeType":"n8n-nodes-base.googleDrive","errorMessage":"The provided authorization grant (e.g., authorization code, resource owner credentials) or refresh token is invalid, expired, revoked, does not match the redirection URI used in the authorization request, or was issued to another client."}}
{"__type":"$$EventMessageConfirm","confirm":"11b94d0e-4ac3-43dd-8e57-8c9b869a4357","ts":"2025-08-15T12:40:54.594+00:00","source":{"id":"0","name":"eventBus"}}
{"__type":"$$EventMessageWorkflow","id":"2edb17cd-2d77-4ef1-9074-bee884a8313d","ts":"2025-08-15T12:45:54.053+00:00","eventName":"n8n.workflow.started","message":"n8n.workflow.started","payload":{"executionId":"48019","workflowId":"jhc2feKrcXKmenTw","isManual":false,"workflowName":"01.03 1Bit RAG Clean"}}
{"__type":"$$EventMessageConfirm","confirm":"2edb17cd-2d77-4ef1-9074-bee884a8313d","ts":"2025-08-15T12:45:54.053+00:00","source":{"id":"0","name":"eventBus"}}
{"__type":"$$EventMessageNode","id":"6af41340-27cb-4564-ac80-42fa506de8b1","ts":"2025-08-15T12:45:54.053+00:00","eventName":"n8n.node.started","message":"n8n.node.started","payload":{"workflowId":"jhc2feKrcXKmenTw","workflowName":"01.03 1Bit RAG Clean","executionId":"48019","nodeType":"n8n-nodes-base.scheduleTrigger","nodeName":"Schedule Trigger"}}
{"__type":"$$EventMessageConfirm","confirm":"6af41340-27cb-4564-ac80-42fa506de8b1","ts":"2025-08-15T12:45:54.053+00:00","source":{"id":"0","name":"eventBus"}}
{"__type":"$$EventMessageNode","id":"1d2b589e-3eb3-45be-9d95-9ee2cfc9eaa3","ts":"2025-08-15T12:45:54.053+00:00","eventName":"n8n.node.finished","message":"n8n.node.finished","payload":{"workflowId":"jhc2feKrcXKmenTw","workflowName":"01.03 1Bit RAG Clean","executionId":"48019","nodeType":"n8n-nodes-base.scheduleTrigger","nodeName":"Schedule Trigger"}}
{"__type":"$$EventMessageConfirm","confirm":"1d2b589e-3eb3-45be-9d95-9ee2cfc9eaa3","ts":"2025-08-15T12:45:54.053+00:00","source":{"id":"0","name":"eventBus"}}
{"__type":"$$EventMessageNode","id":"c49b9b36-9d4f-46a9-a245-68e0645b40e3","ts":"2025-08-15T12:45:54.053+00:00","eventName":"n8n.node.started","message":"n8n.node.started","payload":{"workflowId":"jhc2feKrcXKmenTw","workflowName":"01.03 1Bit RAG Clean","executionId":"48019","nodeType":"n8n-nodes-base.googleDrive","nodeName":"Google Drive"}}
{"__type":"$$EventMessageConfirm","confirm":"c49b9b36-9d4f-46a9-a245-68e0645b40e3","ts":"2025-08-15T12:45:54.054+00:00","source":{"id":"0","name":"eventBus"}}
{"__type":"$$EventMessageNode","id":"a5b91c42-8dfe-49bc-ac58-4deca28dffdc","ts":"2025-08-15T12:45:54.648+00:00","eventName":"n8n.node.finished","message":"n8n.node.finished","payload":{"workflowId":"jhc2feKrcXKmenTw","workflowName":"01.03 1Bit RAG Clean","executionId":"48019","nodeType":"n8n-nodes-base.googleDrive","nodeName":"Google Drive"}}
{"__type":"$$EventMessageConfirm","confirm":"a5b91c42-8dfe-49bc-ac58-4deca28dffdc","ts":"2025-08-15T12:45:54.648+00:00","source":{"id":"0","name":"eventBus"}}
{"__type":"$$EventMessageWorkflow","id":"10eaa15e-9508-4a31-bd1e-e20e1c03bf8c","ts":"2025-08-15T12:45:54.648+00:00","eventName":"n8n.workflow.failed","message":"n8n.workflow.failed","payload":{"executionId":"48019","success":false,"isManual":false,"workflowId":"jhc2feKrcXKmenTw","workflowName":"01.03 1Bit RAG Clean","lastNodeExecuted":"Google Drive","errorNodeType":"n8n-nodes-base.googleDrive","errorMessage":"The provided authorization grant (e.g., authorization code, resource owner credentials) or refresh token is invalid, expired, revoked, does not match the redirection URI used in the authorization request, or was issued to another client."}}
{"__type":"$$EventMessageConfirm","confirm":"10eaa15e-9508-4a31-bd1e-e20e1c03bf8c","ts":"2025-08-15T12:45:54.648+00:00","source":{"id":"0","name":"eventBus"}}
{"__type":"$$EventMessageWorkflow","id":"0771f97f-fb2b-4e6a-8b67-19481d0619f7","ts":"2025-08-15T12:50:54.074+00:00","eventName":"n8n.workflow.started","message":"n8n.workflow.started","payload":{"executionId":"48020","workflowId":"jhc2feKrcXKmenTw","isManual":false,"workflowName":"01.03 1Bit RAG Clean"}}
{"__type":"$$EventMessageConfirm","confirm":"0771f97f-fb2b-4e6a-8b67-19481d0619f7","ts":"2025-08-15T12:50:54.074+00:00","source":{"id":"0","name":"eventBus"}}
{"__type":"$$EventMessageNode","id":"e672b46e-5231-4ab5-825d-04917bb884b6","ts":"2025-08-15T12:50:54.074+00:00","eventName":"n8n.node.started","message":"n8n.node.started","payload":{"workflowId":"jhc2feKrcXKmenTw","workflowName":"01.03 1Bit RAG Clean","executionId":"48020","nodeType":"n8n-nodes-base.scheduleTrigger","nodeName":"Schedule Trigger"}}
{"__type":"$$EventMessageConfirm","confirm":"e672b46e-5231-4ab5-825d-04917bb884b6","ts":"2025-08-15T12:50:54.074+00:00","source":{"id":"0","name":"eventBus"}}
{"__type":"$$EventMessageNode","id":"89857c66-daa6-40c5-ac33-f66e80bb9cc1","ts":"2025-08-15T12:50:54.074+00:00","eventName":"n8n.node.finished","message":"n8n.node.finished","payload":{"workflowId":"jhc2feKrcXKmenTw","workflowName":"01.03 1Bit RAG Clean","executionId":"48020","nodeType":"n8n-nodes-base.scheduleTrigger","nodeName":"Schedule Trigger"}}
{"__type":"$$EventMessageConfirm","confirm":"89857c66-daa6-40c5-ac33-f66e80bb9cc1","ts":"2025-08-15T12:50:54.074+00:00","source":{"id":"0","name":"eventBus"}}
{"__type":"$$EventMessageNode","id":"5925679c-9d6e-45e6-81b3-8a6c72469aeb","ts":"2025-08-15T12:50:54.074+00:00","eventName":"n8n.node.started","message":"n8n.node.started","payload":{"workflowId":"jhc2feKrcXKmenTw","workflowName":"01.03 1Bit RAG Clean","executionId":"48020","nodeType":"n8n-nodes-base.googleDrive","nodeName":"Google Drive"}}
{"__type":"$$EventMessageConfirm","confirm":"5925679c-9d6e-45e6-81b3-8a6c72469aeb","ts":"2025-08-15T12:50:54.074+00:00","source":{"id":"0","name":"eventBus"}}
{"__type":"$$EventMessageNode","id":"2e5139c4-87ee-4030-8965-692bd7f6faaa","ts":"2025-08-15T12:50:54.637+00:00","eventName":"n8n.node.finished","message":"n8n.node.finished","payload":{"workflowId":"jhc2feKrcXKmenTw","workflowName":"01.03 1Bit RAG Clean","executionId":"48020","nodeType":"n8n-nodes-base.googleDrive","nodeName":"Google Drive"}}
{"__type":"$$EventMessageConfirm","confirm":"2e5139c4-87ee-4030-8965-692bd7f6faaa","ts":"2025-08-15T12:50:54.638+00:00","source":{"id":"0","name":"eventBus"}}
{"__type":"$$EventMessageWorkflow","id":"72e515f2-9c0f-432f-a685-5e203df7dfa1","ts":"2025-08-15T12:50:54.638+00:00","eventName":"n8n.workflow.failed","message":"n8n.workflow.failed","payload":{"executionId":"48020","success":false,"isManual":false,"workflowId":"jhc2feKrcXKmenTw","workflowName":"01.03 1Bit RAG Clean","lastNodeExecuted":"Google Drive","errorNodeType":"n8n-nodes-base.googleDrive","errorMessage":"The provided authorization grant (e.g., authorization code, resource owner credentials) or refresh token is invalid, expired, revoked, does not match the redirection URI used in the authorization request, or was issued to another client."}}
{"__type":"$$EventMessageConfirm","confirm":"72e515f2-9c0f-432f-a685-5e203df7dfa1","ts":"2025-08-15T12:50:54.638+00:00","source":{"id":"0","name":"eventBus"}}
{"__type":"$$EventMessageWorkflow","id":"bc84f3ca-f61e-4aef-8d8b-9dad338611de","ts":"2025-08-15T12:55:54.069+00:00","eventName":"n8n.workflow.started","message":"n8n.workflow.started","payload":{"executionId":"48021","workflowId":"jhc2feKrcXKmenTw","isManual":false,"workflowName":"01.03 1Bit RAG Clean"}}
{"__type":"$$EventMessageConfirm","confirm":"bc84f3ca-f61e-4aef-8d8b-9dad338611de","ts":"2025-08-15T12:55:54.069+00:00","source":{"id":"0","name":"eventBus"}}
{"__type":"$$EventMessageNode","id":"fec98272-a9a0-46ea-8cb6-f9ada634800c","ts":"2025-08-15T12:55:54.070+00:00","eventName":"n8n.node.started","message":"n8n.node.started","payload":{"workflowId":"jhc2feKrcXKmenTw","workflowName":"01.03 1Bit RAG Clean","executionId":"48021","nodeType":"n8n-nodes-base.scheduleTrigger","nodeName":"Schedule Trigger"}}
{"__type":"$$EventMessageConfirm","confirm":"fec98272-a9a0-46ea-8cb6-f9ada634800c","ts":"2025-08-15T12:55:54.070+00:00","source":{"id":"0","name":"eventBus"}}
{"__type":"$$EventMessageNode","id":"daa2176e-7dd0-406f-9e1e-54960ff6d045","ts":"2025-08-15T12:55:54.070+00:00","eventName":"n8n.node.finished","message":"n8n.node.finished","payload":{"workflowId":"jhc2feKrcXKmenTw","workflowName":"01.03 1Bit RAG Clean","executionId":"48021","nodeType":"n8n-nodes-base.scheduleTrigger","nodeName":"Schedule Trigger"}}
{"__type":"$$EventMessageConfirm","confirm":"daa2176e-7dd0-406f-9e1e-54960ff6d045","ts":"2025-08-15T12:55:54.070+00:00","source":{"id":"0","name":"eventBus"}}
{"__type":"$$EventMessageNode","id":"e33bb689-783a-44fc-9694-7643a5225c97","ts":"2025-08-15T12:55:54.070+00:00","eventName":"n8n.node.started","message":"n8n.node.started","payload":{"workflowId":"jhc2feKrcXKmenTw","workflowName":"01.03 1Bit RAG Clean","executionId":"48021","nodeType":"n8n-nodes-base.googleDrive","nodeName":"Google Drive"}}
{"__type":"$$EventMessageConfirm","confirm":"e33bb689-783a-44fc-9694-7643a5225c97","ts":"2025-08-15T12:55:54.071+00:00","source":{"id":"0","name":"eventBus"}}
{"__type":"$$EventMessageNode","id":"85086ae3-d13b-42b8-97fe-1a3ed6dc07a6","ts":"2025-08-15T12:55:54.754+00:00","eventName":"n8n.node.finished","message":"n8n.node.finished","payload":{"workflowId":"jhc2feKrcXKmenTw","workflowName":"01.03 1Bit RAG Clean","executionId":"48021","nodeType":"n8n-nodes-base.googleDrive","nodeName":"Google Drive"}}
{"__type":"$$EventMessageConfirm","confirm":"85086ae3-d13b-42b8-97fe-1a3ed6dc07a6","ts":"2025-08-15T12:55:54.755+00:00","source":{"id":"0","name":"eventBus"}}
{"__type":"$$EventMessageWorkflow","id":"542aa889-27e3-4c8e-ac4f-d0c0f05b9182","ts":"2025-08-15T12:55:54.755+00:00","eventName":"n8n.workflow.failed","message":"n8n.workflow.failed","payload":{"executionId":"48021","success":false,"isManual":false,"workflowId":"jhc2feKrcXKmenTw","workflowName":"01.03 1Bit RAG Clean","lastNodeExecuted":"Google Drive","errorNodeType":"n8n-nodes-base.googleDrive","errorMessage":"The provided authorization grant (e.g., authorization code, resource owner credentials) or refresh token is invalid, expired, revoked, does not match the redirection URI used in the authorization request, or was issued to another client."}}
{"__type":"$$EventMessageConfirm","confirm":"542aa889-27e3-4c8e-ac4f-d0c0f05b9182","ts":"2025-08-15T12:55:54.755+00:00","source":{"id":"0","name":"eventBus"}}
{"__type":"$$EventMessageWorkflow","id":"0af59895-af6e-47f7-94cd-c0db7f6f79fd","ts":"2025-08-15T13:00:54.052+00:00","eventName":"n8n.workflow.started","message":"n8n.workflow.started","payload":{"executionId":"48022","workflowId":"jhc2feKrcXKmenTw","isManual":false,"workflowName":"01.03 1Bit RAG Clean"}}
{"__type":"$$EventMessageConfirm","confirm":"0af59895-af6e-47f7-94cd-c0db7f6f79fd","ts":"2025-08-15T13:00:54.052+00:00","source":{"id":"0","name":"eventBus"}}
{"__type":"$$EventMessageNode","id":"16d308fd-5157-4d7e-adac-c1907da940ba","ts":"2025-08-15T13:00:54.052+00:00","eventName":"n8n.node.started","message":"n8n.node.started","payload":{"workflowId":"jhc2feKrcXKmenTw","workflowName":"01.03 1Bit RAG Clean","executionId":"48022","nodeType":"n8n-nodes-base.scheduleTrigger","nodeName":"Schedule Trigger"}}
{"__type":"$$EventMessageConfirm","confirm":"16d308fd-5157-4d7e-adac-c1907da940ba","ts":"2025-08-15T13:00:54.052+00:00","source":{"id":"0","name":"eventBus"}}
{"__type":"$$EventMessageNode","id":"424fa54e-6eb4-4243-8f78-c5258da6a951","ts":"2025-08-15T13:00:54.052+00:00","eventName":"n8n.node.finished","message":"n8n.node.finished","payload":{"workflowId":"jhc2feKrcXKmenTw","workflowName":"01.03 1Bit RAG Clean","executionId":"48022","nodeType":"n8n-nodes-base.scheduleTrigger","nodeName":"Schedule Trigger"}}
{"__type":"$$EventMessageConfirm","confirm":"424fa54e-6eb4-4243-8f78-c5258da6a951","ts":"2025-08-15T13:00:54.052+00:00","source":{"id":"0","name":"eventBus"}}
{"__type":"$$EventMessageNode","id":"f474511d-201a-4ea3-b471-b1c9e33c89a3","ts":"2025-08-15T13:00:54.053+00:00","eventName":"n8n.node.started","message":"n8n.node.started","payload":{"workflowId":"jhc2feKrcXKmenTw","workflowName":"01.03 1Bit RAG Clean","executionId":"48022","nodeType":"n8n-nodes-base.googleDrive","nodeName":"Google Drive"}}
{"__type":"$$EventMessageConfirm","confirm":"f474511d-201a-4ea3-b471-b1c9e33c89a3","ts":"2025-08-15T13:00:54.053+00:00","source":{"id":"0","name":"eventBus"}}
{"__type":"$$EventMessageNode","id":"af043da4-3603-4345-9798-d6ff24246246","ts":"2025-08-15T13:00:54.628+00:00","eventName":"n8n.node.finished","message":"n8n.node.finished","payload":{"workflowId":"jhc2feKrcXKmenTw","workflowName":"01.03 1Bit RAG Clean","executionId":"48022","nodeType":"n8n-nodes-base.googleDrive","nodeName":"Google Drive"}}
{"__type":"$$EventMessageConfirm","confirm":"af043da4-3603-4345-9798-d6ff24246246","ts":"2025-08-15T13:00:54.628+00:00","source":{"id":"0","name":"eventBus"}}
{"__type":"$$EventMessageWorkflow","id":"978bcd0c-8c70-4fbf-9fc9-a7a49ccaca82","ts":"2025-08-15T13:00:54.629+00:00","eventName":"n8n.workflow.failed","message":"n8n.workflow.failed","payload":{"executionId":"48022","success":false,"isManual":false,"workflowId":"jhc2feKrcXKmenTw","workflowName":"01.03 1Bit RAG Clean","lastNodeExecuted":"Google Drive","errorNodeType":"n8n-nodes-base.googleDrive","errorMessage":"The provided authorization grant (e.g., authorization code, resource owner credentials) or refresh token is invalid, expired, revoked, does not match the redirection URI used in the authorization request, or was issued to another client."}}
{"__type":"$$EventMessageConfirm","confirm":"978bcd0c-8c70-4fbf-9fc9-a7a49ccaca82","ts":"2025-08-15T13:00:54.629+00:00","source":{"id":"0","name":"eventBus"}}
{"__type":"$$EventMessageWorkflow","id":"e6a8bd30-7ccd-4361-8c5e-c437f143c28d","ts":"2025-08-15T13:05:54.034+00:00","eventName":"n8n.workflow.started","message":"n8n.workflow.started","payload":{"executionId":"48023","workflowId":"jhc2feKrcXKmenTw","isManual":false,"workflowName":"01.03 1Bit RAG Clean"}}
{"__type":"$$EventMessageConfirm","confirm":"e6a8bd30-7ccd-4361-8c5e-c437f143c28d","ts":"2025-08-15T13:05:54.034+00:00","source":{"id":"0","name":"eventBus"}}
{"__type":"$$EventMessageNode","id":"7aef166b-924b-4ad1-ac64-1e91dc319690","ts":"2025-08-15T13:05:54.034+00:00","eventName":"n8n.node.started","message":"n8n.node.started","payload":{"workflowId":"jhc2feKrcXKmenTw","workflowName":"01.03 1Bit RAG Clean","executionId":"48023","nodeType":"n8n-nodes-base.scheduleTrigger","nodeName":"Schedule Trigger"}}
{"__type":"$$EventMessageConfirm","confirm":"7aef166b-924b-4ad1-ac64-1e91dc319690","ts":"2025-08-15T13:05:54.034+00:00","source":{"id":"0","name":"eventBus"}}
{"__type":"$$EventMessageNode","id":"30d9cf96-e084-49d8-a70c-a5935a01addb","ts":"2025-08-15T13:05:54.034+00:00","eventName":"n8n.node.finished","message":"n8n.node.finished","payload":{"workflowId":"jhc2feKrcXKmenTw","workflowName":"01.03 1Bit RAG Clean","executionId":"48023","nodeType":"n8n-nodes-base.scheduleTrigger","nodeName":"Schedule Trigger"}}
{"__type":"$$EventMessageConfirm","confirm":"30d9cf96-e084-49d8-a70c-a5935a01addb","ts":"2025-08-15T13:05:54.034+00:00","source":{"id":"0","name":"eventBus"}}
{"__type":"$$EventMessageNode","id":"1bf03854-cf4d-4b0b-9028-13405e47ed86","ts":"2025-08-15T13:05:54.035+00:00","eventName":"n8n.node.started","message":"n8n.node.started","payload":{"workflowId":"jhc2feKrcXKmenTw","workflowName":"01.03 1Bit RAG Clean","executionId":"48023","nodeType":"n8n-nodes-base.googleDrive","nodeName":"Google Drive"}}
{"__type":"$$EventMessageConfirm","confirm":"1bf03854-cf4d-4b0b-9028-13405e47ed86","ts":"2025-08-15T13:05:54.035+00:00","source":{"id":"0","name":"eventBus"}}
{"__type":"$$EventMessageNode","id":"1066fd72-7db5-40a9-95a5-399be459113c","ts":"2025-08-15T13:05:54.617+00:00","eventName":"n8n.node.finished","message":"n8n.node.finished","payload":{"workflowId":"jhc2feKrcXKmenTw","workflowName":"01.03 1Bit RAG Clean","executionId":"48023","nodeType":"n8n-nodes-base.googleDrive","nodeName":"Google Drive"}}
{"__type":"$$EventMessageConfirm","confirm":"1066fd72-7db5-40a9-95a5-399be459113c","ts":"2025-08-15T13:05:54.618+00:00","source":{"id":"0","name":"eventBus"}}
{"__type":"$$EventMessageWorkflow","id":"d01fc394-4878-408f-952c-a745487c3191","ts":"2025-08-15T13:05:54.618+00:00","eventName":"n8n.workflow.failed","message":"n8n.workflow.failed","payload":{"executionId":"48023","success":false,"isManual":false,"workflowId":"jhc2feKrcXKmenTw","workflowName":"01.03 1Bit RAG Clean","lastNodeExecuted":"Google Drive","errorNodeType":"n8n-nodes-base.googleDrive","errorMessage":"The provided authorization grant (e.g., authorization code, resource owner credentials) or refresh token is invalid, expired, revoked, does not match the redirection URI used in the authorization request, or was issued to another client."}}
{"__type":"$$EventMessageConfirm","confirm":"d01fc394-4878-408f-952c-a745487c3191","ts":"2025-08-15T13:05:54.618+00:00","source":{"id":"0","name":"eventBus"}}
{"__type":"$$EventMessageWorkflow","id":"7158b730-6e7b-4b93-aba1-d287dd751dc4","ts":"2025-08-15T13:10:54.044+00:00","eventName":"n8n.workflow.started","message":"n8n.workflow.started","payload":{"executionId":"48024","workflowId":"jhc2feKrcXKmenTw","isManual":false,"workflowName":"01.03 1Bit RAG Clean"}}
{"__type":"$$EventMessageConfirm","confirm":"7158b730-6e7b-4b93-aba1-d287dd751dc4","ts":"2025-08-15T13:10:54.044+00:00","source":{"id":"0","name":"eventBus"}}
{"__type":"$$EventMessageNode","id":"2efaaaaa-7015-49d7-9531-2fdf41e2975d","ts":"2025-08-15T13:10:54.044+00:00","eventName":"n8n.node.started","message":"n8n.node.started","payload":{"workflowId":"jhc2feKrcXKmenTw","workflowName":"01.03 1Bit RAG Clean","executionId":"48024","nodeType":"n8n-nodes-base.scheduleTrigger","nodeName":"Schedule Trigger"}}
{"__type":"$$EventMessageConfirm","confirm":"2efaaaaa-7015-49d7-9531-2fdf41e2975d","ts":"2025-08-15T13:10:54.044+00:00","source":{"id":"0","name":"eventBus"}}
{"__type":"$$EventMessageNode","id":"3d3b29f3-1cf5-440c-b21c-c8c7b8dcb7fa","ts":"2025-08-15T13:10:54.044+00:00","eventName":"n8n.node.finished","message":"n8n.node.finished","payload":{"workflowId":"jhc2feKrcXKmenTw","workflowName":"01.03 1Bit RAG Clean","executionId":"48024","nodeType":"n8n-nodes-base.scheduleTrigger","nodeName":"Schedule Trigger"}}
{"__type":"$$EventMessageConfirm","confirm":"3d3b29f3-1cf5-440c-b21c-c8c7b8dcb7fa","ts":"2025-08-15T13:10:54.045+00:00","source":{"id":"0","name":"eventBus"}}
{"__type":"$$EventMessageNode","id":"dae42da4-5ccb-4e73-a304-e411888495ad","ts":"2025-08-15T13:10:54.045+00:00","eventName":"n8n.node.started","message":"n8n.node.started","payload":{"workflowId":"jhc2feKrcXKmenTw","workflowName":"01.03 1Bit RAG Clean","executionId":"48024","nodeType":"n8n-nodes-base.googleDrive","nodeName":"Google Drive"}}
{"__type":"$$EventMessageConfirm","confirm":"dae42da4-5ccb-4e73-a304-e411888495ad","ts":"2025-08-15T13:10:54.045+00:00","source":{"id":"0","name":"eventBus"}}
{"__type":"$$EventMessageNode","id":"761ed8ca-cfd3-4d23-aade-a71ff7a2764a","ts":"2025-08-15T13:10:54.583+00:00","eventName":"n8n.node.finished","message":"n8n.node.finished","payload":{"workflowId":"jhc2feKrcXKmenTw","workflowName":"01.03 1Bit RAG Clean","executionId":"48024","nodeType":"n8n-nodes-base.googleDrive","nodeName":"Google Drive"}}
{"__type":"$$EventMessageConfirm","confirm":"761ed8ca-cfd3-4d23-aade-a71ff7a2764a","ts":"2025-08-15T13:10:54.584+00:00","source":{"id":"0","name":"eventBus"}}
{"__type":"$$EventMessageWorkflow","id":"520083cd-7648-40b2-9b94-148730f04714","ts":"2025-08-15T13:10:54.584+00:00","eventName":"n8n.workflow.failed","message":"n8n.workflow.failed","payload":{"executionId":"48024","success":false,"isManual":false,"workflowId":"jhc2feKrcXKmenTw","workflowName":"01.03 1Bit RAG Clean","lastNodeExecuted":"Google Drive","errorNodeType":"n8n-nodes-base.googleDrive","errorMessage":"The provided authorization grant (e.g., authorization code, resource owner credentials) or refresh token is invalid, expired, revoked, does not match the redirection URI used in the authorization request, or was issued to another client."}}
{"__type":"$$EventMessageConfirm","confirm":"520083cd-7648-40b2-9b94-148730f04714","ts":"2025-08-15T13:10:54.584+00:00","source":{"id":"0","name":"eventBus"}}
{"__type":"$$EventMessageWorkflow","id":"501f9198-cceb-47cb-9774-42ff22569b8e","ts":"2025-08-15T13:15:54.058+00:00","eventName":"n8n.workflow.started","message":"n8n.workflow.started","payload":{"executionId":"48025","workflowId":"jhc2feKrcXKmenTw","isManual":false,"workflowName":"01.03 1Bit RAG Clean"}}
{"__type":"$$EventMessageConfirm","confirm":"501f9198-cceb-47cb-9774-42ff22569b8e","ts":"2025-08-15T13:15:54.058+00:00","source":{"id":"0","name":"eventBus"}}
{"__type":"$$EventMessageNode","id":"4ee1f0d9-538c-46c7-8ae1-a614d30f3af4","ts":"2025-08-15T13:15:54.059+00:00","eventName":"n8n.node.started","message":"n8n.node.started","payload":{"workflowId":"jhc2feKrcXKmenTw","workflowName":"01.03 1Bit RAG Clean","executionId":"48025","nodeType":"n8n-nodes-base.scheduleTrigger","nodeName":"Schedule Trigger"}}
{"__type":"$$EventMessageConfirm","confirm":"4ee1f0d9-538c-46c7-8ae1-a614d30f3af4","ts":"2025-08-15T13:15:54.059+00:00","source":{"id":"0","name":"eventBus"}}
{"__type":"$$EventMessageNode","id":"d998f56a-67e1-40f9-808a-1b2f6a49079a","ts":"2025-08-15T13:15:54.059+00:00","eventName":"n8n.node.finished","message":"n8n.node.finished","payload":{"workflowId":"jhc2feKrcXKmenTw","workflowName":"01.03 1Bit RAG Clean","executionId":"48025","nodeType":"n8n-nodes-base.scheduleTrigger","nodeName":"Schedule Trigger"}}
{"__type":"$$EventMessageConfirm","confirm":"d998f56a-67e1-40f9-808a-1b2f6a49079a","ts":"2025-08-15T13:15:54.059+00:00","source":{"id":"0","name":"eventBus"}}
{"__type":"$$EventMessageNode","id":"78938ba9-48db-4afe-81e9-840b604c736a","ts":"2025-08-15T13:15:54.059+00:00","eventName":"n8n.node.started","message":"n8n.node.started","payload":{"workflowId":"jhc2feKrcXKmenTw","workflowName":"01.03 1Bit RAG Clean","executionId":"48025","nodeType":"n8n-nodes-base.googleDrive","nodeName":"Google Drive"}}
{"__type":"$$EventMessageConfirm","confirm":"78938ba9-48db-4afe-81e9-840b604c736a","ts":"2025-08-15T13:15:54.059+00:00","source":{"id":"0","name":"eventBus"}}
{"__type":"$$EventMessageNode","id":"1ed1a16e-0d20-4217-b34c-b0c0d94e13b9","ts":"2025-08-15T13:15:54.603+00:00","eventName":"n8n.node.finished","message":"n8n.node.finished","payload":{"workflowId":"jhc2feKrcXKmenTw","workflowName":"01.03 1Bit RAG Clean","executionId":"48025","nodeType":"n8n-nodes-base.googleDrive","nodeName":"Google Drive"}}
{"__type":"$$EventMessageConfirm","confirm":"1ed1a16e-0d20-4217-b34c-b0c0d94e13b9","ts":"2025-08-15T13:15:54.603+00:00","source":{"id":"0","name":"eventBus"}}
{"__type":"$$EventMessageWorkflow","id":"f8646aaf-ff53-494b-a0bc-559af6e87be4","ts":"2025-08-15T13:15:54.604+00:00","eventName":"n8n.workflow.failed","message":"n8n.workflow.failed","payload":{"executionId":"48025","success":false,"isManual":false,"workflowId":"jhc2feKrcXKmenTw","workflowName":"01.03 1Bit RAG Clean","lastNodeExecuted":"Google Drive","errorNodeType":"n8n-nodes-base.googleDrive","errorMessage":"The provided authorization grant (e.g., authorization code, resource owner credentials) or refresh token is invalid, expired, revoked, does not match the redirection URI used in the authorization request, or was issued to another client."}}
{"__type":"$$EventMessageConfirm","confirm":"f8646aaf-ff53-494b-a0bc-559af6e87be4","ts":"2025-08-15T13:15:54.604+00:00","source":{"id":"0","name":"eventBus"}}
{"__type":"$$EventMessageWorkflow","id":"367c5ed1-31c8-4cd9-a538-cf4b8b5a3e05","ts":"2025-08-15T13:20:54.065+00:00","eventName":"n8n.workflow.started","message":"n8n.workflow.started","payload":{"executionId":"48026","workflowId":"jhc2feKrcXKmenTw","isManual":false,"workflowName":"01.03 1Bit RAG Clean"}}
{"__type":"$$EventMessageConfirm","confirm":"367c5ed1-31c8-4cd9-a538-cf4b8b5a3e05","ts":"2025-08-15T13:20:54.065+00:00","source":{"id":"0","name":"eventBus"}}
{"__type":"$$EventMessageNode","id":"d61e662a-7802-4c3d-b7b6-aec76ab2b2e0","ts":"2025-08-15T13:20:54.065+00:00","eventName":"n8n.node.started","message":"n8n.node.started","payload":{"workflowId":"jhc2feKrcXKmenTw","workflowName":"01.03 1Bit RAG Clean","executionId":"48026","nodeType":"n8n-nodes-base.scheduleTrigger","nodeName":"Schedule Trigger"}}
{"__type":"$$EventMessageConfirm","confirm":"d61e662a-7802-4c3d-b7b6-aec76ab2b2e0","ts":"2025-08-15T13:20:54.065+00:00","source":{"id":"0","name":"eventBus"}}
{"__type":"$$EventMessageNode","id":"47a7ac46-cf13-4863-9636-2f6532546bf9","ts":"2025-08-15T13:20:54.065+00:00","eventName":"n8n.node.finished","message":"n8n.node.finished","payload":{"workflowId":"jhc2feKrcXKmenTw","workflowName":"01.03 1Bit RAG Clean","executionId":"48026","nodeType":"n8n-nodes-base.scheduleTrigger","nodeName":"Schedule Trigger"}}
{"__type":"$$EventMessageConfirm","confirm":"47a7ac46-cf13-4863-9636-2f6532546bf9","ts":"2025-08-15T13:20:54.065+00:00","source":{"id":"0","name":"eventBus"}}
{"__type":"$$EventMessageNode","id":"8df86bf4-8cce-4093-87db-9d2eedf526c3","ts":"2025-08-15T13:20:54.065+00:00","eventName":"n8n.node.started","message":"n8n.node.started","payload":{"workflowId":"jhc2feKrcXKmenTw","workflowName":"01.03 1Bit RAG Clean","executionId":"48026","nodeType":"n8n-nodes-base.googleDrive","nodeName":"Google Drive"}}
{"__type":"$$EventMessageConfirm","confirm":"8df86bf4-8cce-4093-87db-9d2eedf526c3","ts":"2025-08-15T13:20:54.065+00:00","source":{"id":"0","name":"eventBus"}}
{"__type":"$$EventMessageNode","id":"86ccc8d3-5481-4c3f-8925-8f7784133e9f","ts":"2025-08-15T13:20:54.587+00:00","eventName":"n8n.node.finished","message":"n8n.node.finished","payload":{"workflowId":"jhc2feKrcXKmenTw","workflowName":"01.03 1Bit RAG Clean","executionId":"48026","nodeType":"n8n-nodes-base.googleDrive","nodeName":"Google Drive"}}
{"__type":"$$EventMessageConfirm","confirm":"86ccc8d3-5481-4c3f-8925-8f7784133e9f","ts":"2025-08-15T13:20:54.588+00:00","source":{"id":"0","name":"eventBus"}}
{"__type":"$$EventMessageWorkflow","id":"46153c33-99f1-4360-a5f6-61ca88e0284a","ts":"2025-08-15T13:20:54.588+00:00","eventName":"n8n.workflow.failed","message":"n8n.workflow.failed","payload":{"executionId":"48026","success":false,"isManual":false,"workflowId":"jhc2feKrcXKmenTw","workflowName":"01.03 1Bit RAG Clean","lastNodeExecuted":"Google Drive","errorNodeType":"n8n-nodes-base.googleDrive","errorMessage":"The provided authorization grant (e.g., authorization code, resource owner credentials) or refresh token is invalid, expired, revoked, does not match the redirection URI used in the authorization request, or was issued to another client."}}
{"__type":"$$EventMessageConfirm","confirm":"46153c33-99f1-4360-a5f6-61ca88e0284a","ts":"2025-08-15T13:20:54.588+00:00","source":{"id":"0","name":"eventBus"}}
{"__type":"$$EventMessageWorkflow","id":"b16f28ff-f85c-426a-8d94-f9b71596850e","ts":"2025-08-15T13:25:54.052+00:00","eventName":"n8n.workflow.started","message":"n8n.workflow.started","payload":{"executionId":"48027","workflowId":"jhc2feKrcXKmenTw","isManual":false,"workflowName":"01.03 1Bit RAG Clean"}}
{"__type":"$$EventMessageConfirm","confirm":"b16f28ff-f85c-426a-8d94-f9b71596850e","ts":"2025-08-15T13:25:54.052+00:00","source":{"id":"0","name":"eventBus"}}
{"__type":"$$EventMessageNode","id":"a206815b-c9b6-4d58-bfa9-e73f741d431c","ts":"2025-08-15T13:25:54.052+00:00","eventName":"n8n.node.started","message":"n8n.node.started","payload":{"workflowId":"jhc2feKrcXKmenTw","workflowName":"01.03 1Bit RAG Clean","executionId":"48027","nodeType":"n8n-nodes-base.scheduleTrigger","nodeName":"Schedule Trigger"}}
{"__type":"$$EventMessageConfirm","confirm":"a206815b-c9b6-4d58-bfa9-e73f741d431c","ts":"2025-08-15T13:25:54.052+00:00","source":{"id":"0","name":"eventBus"}}
{"__type":"$$EventMessageNode","id":"396a5c56-44fd-401d-a737-c96fcc89bbf5","ts":"2025-08-15T13:25:54.052+00:00","eventName":"n8n.node.finished","message":"n8n.node.finished","payload":{"workflowId":"jhc2feKrcXKmenTw","workflowName":"01.03 1Bit RAG Clean","executionId":"48027","nodeType":"n8n-nodes-base.scheduleTrigger","nodeName":"Schedule Trigger"}}
{"__type":"$$EventMessageConfirm","confirm":"396a5c56-44fd-401d-a737-c96fcc89bbf5","ts":"2025-08-15T13:25:54.052+00:00","source":{"id":"0","name":"eventBus"}}
{"__type":"$$EventMessageNode","id":"d1bc527c-7f8a-4771-8a09-6e9905ab4917","ts":"2025-08-15T13:25:54.052+00:00","eventName":"n8n.node.started","message":"n8n.node.started","payload":{"workflowId":"jhc2feKrcXKmenTw","workflowName":"01.03 1Bit RAG Clean","executionId":"48027","nodeType":"n8n-nodes-base.googleDrive","nodeName":"Google Drive"}}
{"__type":"$$EventMessageConfirm","confirm":"d1bc527c-7f8a-4771-8a09-6e9905ab4917","ts":"2025-08-15T13:25:54.052+00:00","source":{"id":"0","name":"eventBus"}}
{"__type":"$$EventMessageNode","id":"4954da32-2091-45d5-97d0-e9581fed3b9b","ts":"2025-08-15T13:25:54.631+00:00","eventName":"n8n.node.finished","message":"n8n.node.finished","payload":{"workflowId":"jhc2feKrcXKmenTw","workflowName":"01.03 1Bit RAG Clean","executionId":"48027","nodeType":"n8n-nodes-base.googleDrive","nodeName":"Google Drive"}}
{"__type":"$$EventMessageConfirm","confirm":"4954da32-2091-45d5-97d0-e9581fed3b9b","ts":"2025-08-15T13:25:54.631+00:00","source":{"id":"0","name":"eventBus"}}
{"__type":"$$EventMessageWorkflow","id":"c5a74241-ca26-4b95-9111-da412a3f8969","ts":"2025-08-15T13:25:54.631+00:00","eventName":"n8n.workflow.failed","message":"n8n.workflow.failed","payload":{"executionId":"48027","success":false,"isManual":false,"workflowId":"jhc2feKrcXKmenTw","workflowName":"01.03 1Bit RAG Clean","lastNodeExecuted":"Google Drive","errorNodeType":"n8n-nodes-base.googleDrive","errorMessage":"The provided authorization grant (e.g., authorization code, resource owner credentials) or refresh token is invalid, expired, revoked, does not match the redirection URI used in the authorization request, or was issued to another client."}}
{"__type":"$$EventMessageConfirm","confirm":"c5a74241-ca26-4b95-9111-da412a3f8969","ts":"2025-08-15T13:25:54.631+00:00","source":{"id":"0","name":"eventBus"}}
{"__type":"$$EventMessageWorkflow","id":"fce643bf-8963-4791-85f7-bebb82378c9f","ts":"2025-08-15T13:30:54.048+00:00","eventName":"n8n.workflow.started","message":"n8n.workflow.started","payload":{"executionId":"48028","workflowId":"jhc2feKrcXKmenTw","isManual":false,"workflowName":"01.03 1Bit RAG Clean"}}
{"__type":"$$EventMessageConfirm","confirm":"fce643bf-8963-4791-85f7-bebb82378c9f","ts":"2025-08-15T13:30:54.048+00:00","source":{"id":"0","name":"eventBus"}}
{"__type":"$$EventMessageNode","id":"a8ee7cb4-d894-402c-a972-9ec8144e678f","ts":"2025-08-15T13:30:54.048+00:00","eventName":"n8n.node.started","message":"n8n.node.started","payload":{"workflowId":"jhc2feKrcXKmenTw","workflowName":"01.03 1Bit RAG Clean","executionId":"48028","nodeType":"n8n-nodes-base.scheduleTrigger","nodeName":"Schedule Trigger"}}
{"__type":"$$EventMessageConfirm","confirm":"a8ee7cb4-d894-402c-a972-9ec8144e678f","ts":"2025-08-15T13:30:54.048+00:00","source":{"id":"0","name":"eventBus"}}
{"__type":"$$EventMessageNode","id":"41b1f4df-8252-49ac-b992-175529cd063d","ts":"2025-08-15T13:30:54.048+00:00","eventName":"n8n.node.finished","message":"n8n.node.finished","payload":{"workflowId":"jhc2feKrcXKmenTw","workflowName":"01.03 1Bit RAG Clean","executionId":"48028","nodeType":"n8n-nodes-base.scheduleTrigger","nodeName":"Schedule Trigger"}}
{"__type":"$$EventMessageConfirm","confirm":"41b1f4df-8252-49ac-b992-175529cd063d","ts":"2025-08-15T13:30:54.048+00:00","source":{"id":"0","name":"eventBus"}}
{"__type":"$$EventMessageNode","id":"e91bc628-c4e6-4c33-8d93-ac7794b4e52e","ts":"2025-08-15T13:30:54.048+00:00","eventName":"n8n.node.started","message":"n8n.node.started","payload":{"workflowId":"jhc2feKrcXKmenTw","workflowName":"01.03 1Bit RAG Clean","executionId":"48028","nodeType":"n8n-nodes-base.googleDrive","nodeName":"Google Drive"}}
{"__type":"$$EventMessageConfirm","confirm":"e91bc628-c4e6-4c33-8d93-ac7794b4e52e","ts":"2025-08-15T13:30:54.049+00:00","source":{"id":"0","name":"eventBus"}}
{"__type":"$$EventMessageNode","id":"67626541-7b5a-4213-bfd6-154bc510e6f4","ts":"2025-08-15T13:30:54.590+00:00","eventName":"n8n.node.finished","message":"n8n.node.finished","payload":{"workflowId":"jhc2feKrcXKmenTw","workflowName":"01.03 1Bit RAG Clean","executionId":"48028","nodeType":"n8n-nodes-base.googleDrive","nodeName":"Google Drive"}}
{"__type":"$$EventMessageConfirm","confirm":"67626541-7b5a-4213-bfd6-154bc510e6f4","ts":"2025-08-15T13:30:54.590+00:00","source":{"id":"0","name":"eventBus"}}
{"__type":"$$EventMessageWorkflow","id":"2aec4a41-1d08-4a23-874a-496805d93335","ts":"2025-08-15T13:30:54.590+00:00","eventName":"n8n.workflow.failed","message":"n8n.workflow.failed","payload":{"executionId":"48028","success":false,"isManual":false,"workflowId":"jhc2feKrcXKmenTw","workflowName":"01.03 1Bit RAG Clean","lastNodeExecuted":"Google Drive","errorNodeType":"n8n-nodes-base.googleDrive","errorMessage":"The provided authorization grant (e.g., authorization code, resource owner credentials) or refresh token is invalid, expired, revoked, does not match the redirection URI used in the authorization request, or was issued to another client."}}
{"__type":"$$EventMessageConfirm","confirm":"2aec4a41-1d08-4a23-874a-496805d93335","ts":"2025-08-15T13:30:54.590+00:00","source":{"id":"0","name":"eventBus"}}
{"__type":"$$EventMessageWorkflow","id":"fca14dfa-8d51-4c51-aeaa-72e63521e9d2","ts":"2025-08-15T13:35:54.064+00:00","eventName":"n8n.workflow.started","message":"n8n.workflow.started","payload":{"executionId":"48029","workflowId":"jhc2feKrcXKmenTw","isManual":false,"workflowName":"01.03 1Bit RAG Clean"}}
{"__type":"$$EventMessageConfirm","confirm":"fca14dfa-8d51-4c51-aeaa-72e63521e9d2","ts":"2025-08-15T13:35:54.067+00:00","source":{"id":"0","name":"eventBus"}}
{"__type":"$$EventMessageNode","id":"027e273a-3802-49b4-acfa-2f89fc225f62","ts":"2025-08-15T13:35:54.067+00:00","eventName":"n8n.node.started","message":"n8n.node.started","payload":{"workflowId":"jhc2feKrcXKmenTw","workflowName":"01.03 1Bit RAG Clean","executionId":"48029","nodeType":"n8n-nodes-base.scheduleTrigger","nodeName":"Schedule Trigger"}}
{"__type":"$$EventMessageConfirm","confirm":"027e273a-3802-49b4-acfa-2f89fc225f62","ts":"2025-08-15T13:35:54.067+00:00","source":{"id":"0","name":"eventBus"}}
{"__type":"$$EventMessageNode","id":"1180caca-74b7-4d3f-bff2-40f83b5e5eb6","ts":"2025-08-15T13:35:54.067+00:00","eventName":"n8n.node.finished","message":"n8n.node.finished","payload":{"workflowId":"jhc2feKrcXKmenTw","workflowName":"01.03 1Bit RAG Clean","executionId":"48029","nodeType":"n8n-nodes-base.scheduleTrigger","nodeName":"Schedule Trigger"}}
{"__type":"$$EventMessageConfirm","confirm":"1180caca-74b7-4d3f-bff2-40f83b5e5eb6","ts":"2025-08-15T13:35:54.067+00:00","source":{"id":"0","name":"eventBus"}}
{"__type":"$$EventMessageNode","id":"89acda32-175e-463b-b065-1155a145348d","ts":"2025-08-15T13:35:54.067+00:00","eventName":"n8n.node.started","message":"n8n.node.started","payload":{"workflowId":"jhc2feKrcXKmenTw","workflowName":"01.03 1Bit RAG Clean","executionId":"48029","nodeType":"n8n-nodes-base.googleDrive","nodeName":"Google Drive"}}
{"__type":"$$EventMessageConfirm","confirm":"89acda32-175e-463b-b065-1155a145348d","ts":"2025-08-15T13:35:54.067+00:00","source":{"id":"0","name":"eventBus"}}
{"__type":"$$EventMessageNode","id":"43d871fb-4b07-4cb9-89ff-baa5f1f0914f","ts":"2025-08-15T13:35:54.630+00:00","eventName":"n8n.node.finished","message":"n8n.node.finished","payload":{"workflowId":"jhc2feKrcXKmenTw","workflowName":"01.03 1Bit RAG Clean","executionId":"48029","nodeType":"n8n-nodes-base.googleDrive","nodeName":"Google Drive"}}
{"__type":"$$EventMessageConfirm","confirm":"43d871fb-4b07-4cb9-89ff-baa5f1f0914f","ts":"2025-08-15T13:35:54.630+00:00","source":{"id":"0","name":"eventBus"}}
{"__type":"$$EventMessageWorkflow","id":"c0b956d1-4ed3-4811-8bf4-60a7e75bd162","ts":"2025-08-15T13:35:54.631+00:00","eventName":"n8n.workflow.failed","message":"n8n.workflow.failed","payload":{"executionId":"48029","success":false,"isManual":false,"workflowId":"jhc2feKrcXKmenTw","workflowName":"01.03 1Bit RAG Clean","lastNodeExecuted":"Google Drive","errorNodeType":"n8n-nodes-base.googleDrive","errorMessage":"The provided authorization grant (e.g., authorization code, resource owner credentials) or refresh token is invalid, expired, revoked, does not match the redirection URI used in the authorization request, or was issued to another client."}}
{"__type":"$$EventMessageConfirm","confirm":"c0b956d1-4ed3-4811-8bf4-60a7e75bd162","ts":"2025-08-15T13:35:54.631+00:00","source":{"id":"0","name":"eventBus"}}
